<?xml version="1.0" encoding="UTF-8"?>
<testng-results skipped="0" failed="0" total="1" passed="1">
  <reporter-output>
  </reporter-output>
  <suite name="Command line suite" duration-ms="83396" started-at="2018-04-10T15:45:05Z" finished-at="2018-04-10T15:46:28Z">
    <groups>
    </groups>
    <test name="Command line test" duration-ms="83396" started-at="2018-04-10T15:45:05Z" finished-at="2018-04-10T15:46:28Z">
      <class name="example.NewTest">
        <test-method status="PASS" signature="beforeTest()[pri:0, instance:example.NewTest@d041cf]" name="beforeTest" is-config="true" duration-ms="56600" started-at="2018-04-10T21:15:05Z" finished-at="2018-04-10T21:16:01Z">
          <reporter-output>
          </reporter-output>
        </test-method> <!-- beforeTest -->
        <test-method status="PASS" signature="testEasy()[pri:0, instance:example.NewTest@d041cf]" name="testEasy" duration-ms="26013" started-at="2018-04-10T21:16:01Z" finished-at="2018-04-10T21:16:27Z">
          <reporter-output>
          </reporter-output>
        </test-method> <!-- testEasy -->
        <test-method status="PASS" signature="afterTest()[pri:0, instance:example.NewTest@d041cf]" name="afterTest" is-config="true" duration-ms="709" started-at="2018-04-10T21:16:27Z" finished-at="2018-04-10T21:16:28Z">
          <reporter-output>
          </reporter-output>
        </test-method> <!-- afterTest -->
      </class> <!-- example.NewTest -->
    </test> <!-- Command line test -->
  </suite> <!-- Command line suite -->
</testng-results>
