<?xml version="1.0" encoding="UTF-8"?>
<testng-results skipped="0" failed="0" total="1" passed="1">
  <reporter-output>
  </reporter-output>
  <suite name="Suite" duration-ms="73268" started-at="2018-04-10T15:53:11Z" finished-at="2018-04-10T15:54:24Z">
    <groups>
    </groups>
    <test name="Test" duration-ms="73268" started-at="2018-04-10T15:53:11Z" finished-at="2018-04-10T15:54:24Z">
      <class name="example.NewTest">
        <test-method status="PASS" signature="beforeTest()[pri:0, instance:example.NewTest@5c7fa833]" name="beforeTest" is-config="true" duration-ms="53172" started-at="2018-04-10T21:23:11Z" finished-at="2018-04-10T21:24:04Z">
          <reporter-output>
          </reporter-output>
        </test-method> <!-- beforeTest -->
        <test-method status="PASS" signature="testEasy()[pri:0, instance:example.NewTest@5c7fa833]" name="testEasy" duration-ms="19469" started-at="2018-04-10T21:24:04Z" finished-at="2018-04-10T21:24:24Z">
          <reporter-output>
          </reporter-output>
        </test-method> <!-- testEasy -->
        <test-method status="PASS" signature="afterTest()[pri:0, instance:example.NewTest@5c7fa833]" name="afterTest" is-config="true" duration-ms="598" started-at="2018-04-10T21:24:24Z" finished-at="2018-04-10T21:24:24Z">
          <reporter-output>
          </reporter-output>
        </test-method> <!-- afterTest -->
      </class> <!-- example.NewTest -->
    </test> <!-- Test -->
  </suite> <!-- Suite -->
</testng-results>
